<?xml version="1.0" encoding="UTF-8"?>
<coverage generated="1779750232558" clover="3.2.0">
  <project timestamp="1779750232558" name="All files">
    <metrics statements="4" coveredstatements="4" conditionals="4" coveredconditionals="4" methods="1" coveredmethods="1" elements="9" coveredelements="9" complexity="0" loc="4" ncloc="4" packages="1" files="1" classes="1"/>
    <file name="alertas.js" path="C:\Users\alifrancog.ITALY\OneDrive - Engineering Ingegneria Informatica S.p.A\Documenti\FATEC\4 Semestre\IEC\Aula08\src\alertas.js">
      <metrics statements="4" coveredstatements="4" conditionals="4" coveredconditionals="4" methods="1" coveredmethods="1"/>
      <line num="2" count="3" type="cond" truecount="2" falsecount="0"/>
      <line num="3" count="2" type="cond" truecount="2" falsecount="0"/>
      <line num="4" count="1" type="stmt"/>
      <line num="6" count="1" type="stmt"/>
    </file>
  </project>
</coverage>
