{"C:\\Users\\alifrancog.ITALY\\OneDrive - Engineering Ingegneria Informatica S.p.A\\Documenti\\FATEC\\4 Semestre\\IEC\\Aula08\\src\\alertas.js": {"path":"C:\\Users\\alifrancog.ITALY\\OneDrive - Engineering Ingegneria Informatica S.p.A\\Documenti\\FATEC\\4 Semestre\\IEC\\Aula08\\src\\alertas.js","statementMap":{"0":{"start":{"line":2,"column":2},"end":{"line":2,"column":35}},"1":{"start":{"line":2,"column":18},"end":{"line":2,"column":35}},"2":{"start":{"line":3,"column":2},"end":{"line":3,"column":32}},"3":{"start":{"line":3,"column":18},"end":{"line":3,"column":32}},"4":{"start":{"line":4,"column":2},"end":{"line":4,"column":20}},"5":{"start":{"line":6,"column":0},"end":{"line":6,"column":39}}},"fnMap":{"0":{"name":"classificarAlerta","decl":{"start":{"line":1,"column":9},"end":{"line":1,"column":26}},"loc":{"start":{"line":1,"column":34},"end":{"line":5,"column":1}},"line":1}},"branchMap":{"0":{"loc":{"start":{"line":2,"column":2},"end":{"line":2,"column":35}},"type":"if","locations":[{"start":{"line":2,"column":2},"end":{"line":2,"column":35}},{"start":{},"end":{}}],"line":2},"1":{"loc":{"start":{"line":3,"column":2},"end":{"line":3,"column":32}},"type":"if","locations":[{"start":{"line":3,"column":2},"end":{"line":3,"column":32}},{"start":{},"end":{}}],"line":3}},"s":{"0":3,"1":1,"2":2,"3":1,"4":1,"5":1},"f":{"0":3},"b":{"0":[1,2],"1":[1,1]},"_coverageSchema":"1a1c01bbd47fc00a2c39e90264f33305004495a9","hash":"9ca3c2790825688fdf8deaefaee015a2f2be7711"}
}
